<?xml version="1.0" encoding="UTF-8"?>
<!-- Generated by org.testng.reporters.JUnitReportReporter -->
<testsuite hostname="DESKTOP-GM181MI" name="ValidateReqResCreateUserAPI" tests="1" failures="0" timestamp="2 Jun 2019 06:23:20 GMT" time="3.333" errors="0">
  <testcase name="validateCreateUserValidData" time="3.333" classname="ValidateReqResCreateUserAPI"/>
</testsuite> <!-- ValidateReqResCreateUserAPI -->
