<?xml version="1.0" encoding="UTF-8"?>
<!-- Generated by org.testng.reporters.JUnitReportReporter -->
<testsuite hostname="DESKTOP-GM181MI" name="SampleTestCase" tests="2" failures="0" timestamp="25 May 2019 06:23:28 GMT" time="5.331" errors="0">
  <testcase name="validateCreateCustomerAPIWithvalidSecretKey" time="1.978" classname="SampleTestCase"/>
  <testcase name="validateCreateCustomerAPIWithInvalidSecretKey" time="3.353" classname="SampleTestCase"/>
</testsuite> <!-- SampleTestCase -->
