<?xml version="1.0" encoding="UTF-8"?>
<!-- Generated by org.testng.reporters.JUnitReportReporter -->
<testsuite hostname="DESKTOP-GM181MI" name="ValidateCreateCustomerAPI" tests="2" failures="0" timestamp="8 Jun 2019 15:12:51 GMT" time="8.389" errors="0">
  <testcase name="validateAPIWIthValidSecretKey" time="6.198" classname="ValidateCreateCustomerAPI"/>
  <testcase name="validateAPIWIthValidSecretKey" time="2.191" classname="ValidateCreateCustomerAPI"/>
</testsuite> <!-- ValidateCreateCustomerAPI -->
